Using pre-set license
Built from '2022.1/staging' branch; Version is '2022.1.23f1 (9636b062134a) revision 9844400'; Using compiler version '192829333'; Build Type 'Release'
OS: 'Windows 10  (10.0.19044) 64bit Professional' Language: 'en' Physical Memory: 16334 MB
BatchMode: 1, IsHumanControllingUs: 0, StartBugReporterOnCrash: 0, Is64bit: 1, IsPro: 1

COMMAND LINE ARGUMENTS:
F:\Unity\2022.1.23f1\Editor\Unity.exe
-adb2
-batchMode
-noUpm
-name
AssetImportWorker0
-projectPath
C:/Users/Lord Dijon/Desktop/AppsFinalFolder/AppsFinal/Project 3
-logFile
Logs/AssetImportWorker0.log
-srvPort
61037
Successfully changed project path to: C:/Users/Lord Dijon/Desktop/AppsFinalFolder/AppsFinal/Project 3
C:/Users/Lord Dijon/Desktop/AppsFinalFolder/AppsFinal/Project 3
[UnityMemory] Configuration Parameters - Can be set up in boot.config
    "memorysetup-bucket-allocator-granularity=16"
    "memorysetup-bucket-allocator-bucket-count=8"
    "memorysetup-bucket-allocator-block-size=33554432"
    "memorysetup-bucket-allocator-block-count=8"
    "memorysetup-main-allocator-block-size=16777216"
    "memorysetup-thread-allocator-block-size=16777216"
    "memorysetup-gfx-main-allocator-block-size=16777216"
    "memorysetup-gfx-thread-allocator-block-size=16777216"
    "memorysetup-cache-allocator-block-size=4194304"
    "memorysetup-typetree-allocator-block-size=2097152"
    "memorysetup-profiler-bucket-allocator-granularity=16"
    "memorysetup-profiler-bucket-allocator-bucket-count=8"
    "memorysetup-profiler-bucket-allocator-block-size=33554432"
    "memorysetup-profiler-bucket-allocator-block-count=8"
    "memorysetup-profiler-allocator-block-size=16777216"
    "memorysetup-profiler-editor-allocator-block-size=1048576"
    "memorysetup-temp-allocator-size-main=16777216"
    "memorysetup-job-temp-allocator-block-size=2097152"
    "memorysetup-job-temp-allocator-block-size-background=1048576"
    "memorysetup-job-temp-allocator-reduction-small-platforms=262144"
    "memorysetup-temp-allocator-size-background-worker=32768"
    "memorysetup-temp-allocator-size-job-worker=262144"
    "memorysetup-temp-allocator-size-preload-manager=33554432"
    "memorysetup-temp-allocator-size-nav-mesh-worker=65536"
    "memorysetup-temp-allocator-size-audio-worker=65536"
    "memorysetup-temp-allocator-size-cloud-worker=32768"
    "memorysetup-temp-allocator-size-gi-baking-worker=262144"
    "memorysetup-temp-allocator-size-gfx=262144"
Refreshing native plugins compatible for Editor in 83.37 ms, found 3 plugins.
Preloading 0 native plugins for Editor in 0.00 ms.
Initialize engine version: 2022.1.23f1 (9636b062134a)
[Subsystems] Discovering subsystems at path F:/Unity/2022.1.23f1/Editor/Data/Resources/UnitySubsystems
[Subsystems] Discovering subsystems at path C:/Users/Lord Dijon/Desktop/AppsFinalFolder/AppsFinal/Project 3/Assets
GfxDevice: creating device client; threaded=0; jobified=0
Direct3D:
    Version:  Direct3D 11.0 [level 11.1]
    Renderer: Radeon RX 5500 XT (ID=0x7340)
    Vendor:   ATI
    VRAM:     4055 MB
    Driver:   31.0.12029.10015
Initialize mono
Mono path[0] = 'F:/Unity/2022.1.23f1/Editor/Data/Managed'
Mono path[1] = 'F:/Unity/2022.1.23f1/Editor/Data/MonoBleedingEdge/lib/mono/unityjit-win32'
Mono config path = 'F:/Unity/2022.1.23f1/Editor/Data/MonoBleedingEdge/etc'
Using monoOptions --debugger-agent=transport=dt_socket,embedding=1,server=y,suspend=n,address=127.0.0.1:56636
Begin MonoManager ReloadAssembly
Registering precompiled unity dll's ...
Register platform support module: F:/Unity/2022.1.23f1/Editor/Data/PlaybackEngines/WindowsStandaloneSupport/UnityEditor.WindowsStandalone.Extensions.dll
Registered in 0.003735 seconds.
Native extension for WindowsStandalone target not found
Refreshing native plugins compatible for Editor in 81.80 ms, found 3 plugins.
Preloading 0 native plugins for Editor in 0.00 ms.
Mono: successfully reloaded assembly
- Completed reload, in  0.604 seconds
Domain Reload Profiling:
	ReloadAssembly (604ms)
		BeginReloadAssembly (65ms)
			ExecutionOrderSort (0ms)
			DisableScriptedObjects (0ms)
			BackupInstance (0ms)
			ReleaseScriptingObjects (0ms)
			CreateAndSetChildDomain (1ms)
		EndReloadAssembly (439ms)
			LoadAssemblies (64ms)
			RebuildTransferFunctionScriptingTraits (0ms)
			SetupTypeCache (114ms)
				TypeCache.Initialize (114ms)
					TypeCache.ScanAssembly (113ms)
				ResolveRequiredComponents (0ms)
			ReleaseScriptCaches (0ms)
			RebuildScriptCaches (26ms)
			SetupLoadedEditorAssemblies (253ms)
				LogAssemblyErrors (0ms)
				InitializePlatformSupportModulesInManaged (6ms)
				SetLoadedEditorAssemblies (7ms)
				RefreshPlugins (82ms)
				BeforeProcessingInitializeOnLoad (1ms)
				ProcessInitializeOnLoadAttributes (119ms)
				ProcessInitializeOnLoadMethodAttributes (38ms)
				AfterProcessingInitializeOnLoad (0ms)
				EditorAssembliesLoaded (0ms)
			ExecutionOrderSort2 (0ms)
			AwakeInstancesAfterBackupRestoration (0ms)
Platform modules already initialized, skipping
Registering precompiled user dll's ...
Registered in 0.005963 seconds.
Begin MonoManager ReloadAssembly
Symbol file LoadedFromMemory doesn't match image C:\Users\Lord Dijon\Desktop\AppsFinalFolder\AppsFinal\Project 3\Library\PackageCache\com.unity.visualscripting@1.7.8\Editor\VisualScripting.Core\Dependencies\YamlDotNet\Unity.VisualScripting.YamlDotNet.dll
Symbol file LoadedFromMemory doesn't match image C:\Users\Lord Dijon\Desktop\AppsFinalFolder\AppsFinal\Project 3\Library\PackageCache\com.unity.visualscripting@1.7.8\Editor\VisualScripting.Core\Dependencies\DotNetZip\Unity.VisualScripting.IonicZip.dll
Native extension for WindowsStandalone target not found
Refreshing native plugins compatible for Editor in 0.80 ms, found 3 plugins.
Preloading 0 native plugins for Editor in 0.00 ms.
System.Exception: Error! Visual Scripting: couldn't find visual scripting package
  at Unity.VisualScripting.PackageVersionUtility.get_version () [0x00043] in C:\Users\Lord Dijon\Desktop\AppsFinalFolder\AppsFinal\Project 3\Library\PackageCache\com.unity.visualscripting@1.7.8\Editor\VisualScripting.Core\Utilities\PackageVersionUtility.cs:31 
  at Unity.VisualScripting.BoltCoreManifest.get_version () [0x00000] in C:\Users\Lord Dijon\Desktop\AppsFinalFolder\AppsFinal\Project 3\Library\PackageCache\com.unity.visualscripting@1.7.8\Editor\VisualScripting.Core\Plugin\BoltCoreManifest.cs:11 
  at Unity.VisualScripting.PluginManifest.get_currentVersion () [0x00000] in C:\Users\Lord Dijon\Desktop\AppsFinalFolder\AppsFinal\Project 3\Library\PackageCache\com.unity.visualscripting@1.7.8\Editor\VisualScripting.Core\Plugins\PluginManifest.cs:33 
  at Unity.VisualScripting.PluginManifest.get_versionMismatch () [0x00000] in C:\Users\Lord Dijon\Desktop\AppsFinalFolder\AppsFinal\Project 3\Library\PackageCache\com.unity.visualscripting@1.7.8\Editor\VisualScripting.Core\Plugins\PluginManifest.cs:48 
  at Unity.VisualScripting.PluginContainer.Initialize () [0x00525] in C:\Users\Lord Dijon\Desktop\AppsFinalFolder\AppsFinal\Project 3\Library\PackageCache\com.unity.visualscripting@1.7.8\Editor\VisualScripting.Core\Plugins\PluginContainer.cs:208 
  at Unity.VisualScripting.PluginContainer.InitializeOnLoad () [0x00009] in C:\Users\Lord Dijon\Desktop\AppsFinalFolder\AppsFinal\Project 3\Library\PackageCache\com.unity.visualscripting@1.7.8\Editor\VisualScripting.Core\Plugins\PluginContainer.cs:32 
  at Unity.VisualScripting.VSUsageUtility.DoInitializeOnLoadCalls () [0x00034] in C:\Users\Lord Dijon\Desktop\AppsFinalFolder\AppsFinal\Project 3\Library\PackageCache\com.unity.visualscripting@1.7.8\Editor\VisualScripting.Core\Utilities\VSUsageUtility.cs:76 
  at Unity.VisualScripting.VSUsageUtility.set_isVisualScriptingUsed (System.Boolean value) [0x0002c] in C:\Users\Lord Dijon\Desktop\AppsFinalFolder\AppsFinal\Project 3\Library\PackageCache\com.unity.visualscripting@1.7.8\Editor\VisualScripting.Core\Utilities\VSUsageUtility.cs:114 
  at Unity.VisualScripting.VSUsageUtility.CheckAndSetIsVisualScriptingUsed () [0x00032] in C:\Users\Lord Dijon\Desktop\AppsFinalFolder\AppsFinal\Project 3\Library\PackageCache\com.unity.visualscripting@1.7.8\Editor\VisualScripting.Core\Utilities\VSUsageUtility.cs:48 
  at Unity.VisualScripting.VSUsageUtility..cctor () [0x00000] in C:\Users\Lord Dijon\Desktop\AppsFinalFolder\AppsFinal\Project 3\Library\PackageCache\com.unity.visualscripting@1.7.8\Editor\VisualScripting.Core\Utilities\VSUsageUtility.cs:22 
UnityEngine.StackTraceUtility:ExtractStackTrace ()
UnityEngine.DebugLogHandler:LogFormat (UnityEngine.LogType,UnityEngine.Object,string,object[])
UnityEngine.Logger:Log (UnityEngine.LogType,object)
UnityEngine.Debug:LogError (object)
UnityEditor.EditorAssemblies:ProcessInitializeOnLoadAttributes (System.Type[])

Mono: successfully reloaded assembly
- Completed reload, in  1.431 seconds
Domain Reload Profiling:
	ReloadAssembly (1432ms)
		BeginReloadAssembly (102ms)
			ExecutionOrderSort (0ms)
			DisableScriptedObjects (5ms)
			BackupInstance (0ms)
			ReleaseScriptingObjects (0ms)
			CreateAndSetChildDomain (20ms)
		EndReloadAssembly (1224ms)
			LoadAssemblies (121ms)
			RebuildTransferFunctionScriptingTraits (0ms)
			SetupTypeCache (255ms)
				TypeCache.Initialize (252ms)
					TypeCache.ScanAssembly (248ms)
				ResolveRequiredComponents (4ms)
			ReleaseScriptCaches (1ms)
			RebuildScriptCaches (49ms)
			SetupLoadedEditorAssemblies (749ms)
				LogAssemblyErrors (0ms)
				InitializePlatformSupportModulesInManaged (4ms)
				SetLoadedEditorAssemblies (6ms)
				RefreshPlugins (1ms)
				BeforeProcessingInitializeOnLoad (77ms)
				ProcessInitializeOnLoadAttributes (637ms)
				ProcessInitializeOnLoadMethodAttributes (21ms)
				AfterProcessingInitializeOnLoad (3ms)
				EditorAssembliesLoaded (0ms)
			ExecutionOrderSort2 (0ms)
			AwakeInstancesAfterBackupRestoration (5ms)
Platform modules already initialized, skipping
========================================================================
Worker process is ready to serve import requests
Launched and connected shader compiler UnityShaderCompiler.exe after 0.05 seconds
Refreshing native plugins compatible for Editor in 0.78 ms, found 3 plugins.
Preloading 0 native plugins for Editor in 0.00 ms.
Unloading 3408 Unused Serialized files (Serialized files now loaded: 0)
Unloading 28 unused Assets / (444.9 KB). Loaded Objects now: 3889.
Memory consumption went from 0.53 GB to 0.53 GB.
Total: 12.131400 ms (FindLiveObjects: 0.285500 ms CreateObjectMapping: 0.079800 ms MarkObjects: 11.493700 ms  DeleteObjects: 0.271300 ms)

AssetImportParameters requested are different than current active one (requested -> active):
  custom:video-decoder-ogg-theora: a1e56fd34408186e4bbccfd4996cb3dc -> 
  custom:container-muxer-webm: aa71ff27fc2769a1b78a27578f13a17b -> 
  custom:container-demuxer-webm: 4f35f7cbe854078d1ac9338744f61a02 -> 
  custom:video-encoder-webm-vp8: eb34c28f22e8b96e1ab97ce403110664 -> 
  custom:audio-encoder-webm-vorbis: bf7c407c2cedff20999df2af8eb42d56 -> 
  custom:framework-win-MediaFoundation: 216162199b28c13a410421893ffa2e32 -> 
  custom:container-demuxer-ogg: 62fdf1f143b41e24485cea50d1cbac27 -> 
  custom:video-decoder-webm-vp8: 9c59270c3fd7afecdb556c50c9e8de78 -> 
  custom:audio-decoder-ogg-vorbis: bf7c407c2cedff20999df2af8eb42d56 -> 
========================================================================
Received Import Request.
  Time since last request: 671245.598529 seconds.
  path: Assets/Blink/Art/Weapons/Stylized/Scythes/_Prefabs_Scythes
  artifactKey: Guid(9e8dec06ea7c472449348e57a60fcd0e) Importer(815301076,1909f56bfc062723c751e8b465ee728b)
Start importing Assets/Blink/Art/Weapons/Stylized/Scythes/_Prefabs_Scythes using Guid(9e8dec06ea7c472449348e57a60fcd0e) Importer(815301076,1909f56bfc062723c751e8b465ee728b)  -> (artifact id: 'e62c11652b465914c64248ef336c102d') in 0.007580 seconds 
========================================================================
Received Import Request.
  Time since last request: 0.000029 seconds.
  path: Assets/_Prefabs
  artifactKey: Guid(db56210b59e884da5a54c5cecb6beae2) Importer(815301076,1909f56bfc062723c751e8b465ee728b)
Start importing Assets/_Prefabs using Guid(db56210b59e884da5a54c5cecb6beae2) Importer(815301076,1909f56bfc062723c751e8b465ee728b)  -> (artifact id: '2db9e8a50883286a30a56d0b5c7b149b') in 0.006944 seconds 
========================================================================
Received Import Request.
  Time since last request: 108.543972 seconds.
  path: Assets/_Prefabs/Ice Staff.prefab
  artifactKey: Guid(66d4ec91c5d125e41863f8bf71227113) Importer(815301076,1909f56bfc062723c751e8b465ee728b)
Start importing Assets/_Prefabs/Ice Staff.prefab using Guid(66d4ec91c5d125e41863f8bf71227113) Importer(815301076,1909f56bfc062723c751e8b465ee728b)  -> (artifact id: '9e9ac2d3e96f3c8e2a192253f4333e40') in 0.136547 seconds 
========================================================================
Received Import Request.
  Time since last request: 4.821538 seconds.
  path: Assets/_Prefabs/Fire Staff.prefab
  artifactKey: Guid(0d6179091d84145449a050de881e7e3a) Importer(815301076,1909f56bfc062723c751e8b465ee728b)
Start importing Assets/_Prefabs/Fire Staff.prefab using Guid(0d6179091d84145449a050de881e7e3a) Importer(815301076,1909f56bfc062723c751e8b465ee728b)  -> (artifact id: 'bdbb09b714e0f00f662a1f58e6991273') in 0.032139 seconds 
========================================================================
Received Import Request.
  Time since last request: 3.334625 seconds.
  path: Assets/_Prefabs/Earth Spell.prefab
  artifactKey: Guid(2dee33625139dbb44b87807a00abea09) Importer(815301076,1909f56bfc062723c751e8b465ee728b)
Start importing Assets/_Prefabs/Earth Spell.prefab using Guid(2dee33625139dbb44b87807a00abea09) Importer(815301076,1909f56bfc062723c751e8b465ee728b)  -> (artifact id: 'c96685c53586dff8e58fa9dbe2161345') in 0.025955 seconds 
========================================================================
Received Import Request.
  Time since last request: 136.134629 seconds.
  path: Assets/Blink/Art/Weapons/Stylized/Scythes
  artifactKey: Guid(3762f29169ff29f4590419e1bf7d7237) Importer(815301076,1909f56bfc062723c751e8b465ee728b)
Start importing Assets/Blink/Art/Weapons/Stylized/Scythes using Guid(3762f29169ff29f4590419e1bf7d7237) Importer(815301076,1909f56bfc062723c751e8b465ee728b)  -> (artifact id: 'bc3673895dd7ef3c9909f1e001776323') in 0.009205 seconds 
========================================================================
Received Import Request.
  Time since last request: 4.027150 seconds.
  path: Assets/Blink/Art/Weapons/Stylized/Scythes/_Prefabs_Scythes/Scythe1_3_2.prefab
  artifactKey: Guid(f0f31d6958f5de143bf9963ec2a41351) Importer(815301076,1909f56bfc062723c751e8b465ee728b)
Start importing Assets/Blink/Art/Weapons/Stylized/Scythes/_Prefabs_Scythes/Scythe1_3_2.prefab using Guid(f0f31d6958f5de143bf9963ec2a41351) Importer(815301076,1909f56bfc062723c751e8b465ee728b)  -> (artifact id: '84153915345d4a813dfd9b99c48c20bc') in 0.064498 seconds 
========================================================================
Received Import Request.
  Time since last request: 9.417714 seconds.
  path: Assets/Blink/Art/Weapons/Stylized/Polearms/_Prefabs_Polearms
  artifactKey: Guid(f48f1df26e9a35e43a67ff46602e2d32) Importer(815301076,1909f56bfc062723c751e8b465ee728b)
Start importing Assets/Blink/Art/Weapons/Stylized/Polearms/_Prefabs_Polearms using Guid(f48f1df26e9a35e43a67ff46602e2d32) Importer(815301076,1909f56bfc062723c751e8b465ee728b)  -> (artifact id: '0140729d64f23684b1a00557fef3eb44') in 0.009658 seconds 
========================================================================
Received Import Request.
  Time since last request: 0.062063 seconds.
  path: Assets/Blink/Art/Weapons/Stylized/Polearms/_Prefabs_Polearms/Polearm2_2_2.prefab
  artifactKey: Guid(11686688da3c381459d55aa299f09bf4) Importer(815301076,1909f56bfc062723c751e8b465ee728b)
Start importing Assets/Blink/Art/Weapons/Stylized/Polearms/_Prefabs_Polearms/Polearm2_2_2.prefab using Guid(11686688da3c381459d55aa299f09bf4) Importer(815301076,1909f56bfc062723c751e8b465ee728b)  -> (artifact id: '75130c737e72259e7e3505041dd357df') in 0.057142 seconds 
========================================================================
Received Import Request.
  Time since last request: 2.811665 seconds.
  path: Assets/Blink/Art/Weapons/Stylized/Musket/_Prefabs_Musket
  artifactKey: Guid(4d56766bb5745a546acc329f53da597a) Importer(815301076,1909f56bfc062723c751e8b465ee728b)
Start importing Assets/Blink/Art/Weapons/Stylized/Musket/_Prefabs_Musket using Guid(4d56766bb5745a546acc329f53da597a) Importer(815301076,1909f56bfc062723c751e8b465ee728b)  -> (artifact id: '52da1c5e6ecd47baaf26594e98d12e7d') in 0.008080 seconds 
========================================================================
Received Import Request.
  Time since last request: 0.061130 seconds.
  path: Assets/Blink/Art/Weapons/Stylized/Musket/_Prefabs_Musket/Musket1_2_1.prefab
  artifactKey: Guid(7070f2e474af67a498e180139d5a2df6) Importer(815301076,1909f56bfc062723c751e8b465ee728b)
Start importing Assets/Blink/Art/Weapons/Stylized/Musket/_Prefabs_Musket/Musket1_2_1.prefab using Guid(7070f2e474af67a498e180139d5a2df6) Importer(815301076,1909f56bfc062723c751e8b465ee728b)  -> (artifact id: 'ae53d98fa338c9e791ae432370c366da') in 0.063342 seconds 
========================================================================
Received Import Request.
  Time since last request: 2.381132 seconds.
  path: Assets/Blink/Art/Weapons/Stylized/Hammers/_PrefabsHammers
  artifactKey: Guid(953858d1ad3769e45b8960e2b90be2e3) Importer(815301076,1909f56bfc062723c751e8b465ee728b)
Start importing Assets/Blink/Art/Weapons/Stylized/Hammers/_PrefabsHammers using Guid(953858d1ad3769e45b8960e2b90be2e3) Importer(815301076,1909f56bfc062723c751e8b465ee728b)  -> (artifact id: 'ee1827a2a97604880ff71ee82cf7abfa') in 0.008848 seconds 
========================================================================
Received Import Request.
  Time since last request: 0.727553 seconds.
  path: Assets/Blink/Art/Weapons/Stylized/Hammers/_PrefabsHammers/Hammer1_1_3.prefab
  artifactKey: Guid(dea89ad487fba0d43998917fd5f30879) Importer(815301076,1909f56bfc062723c751e8b465ee728b)
Start importing Assets/Blink/Art/Weapons/Stylized/Hammers/_PrefabsHammers/Hammer1_1_3.prefab using Guid(dea89ad487fba0d43998917fd5f30879) Importer(815301076,1909f56bfc062723c751e8b465ee728b)  -> (artifact id: '47ffe4f807e5f89a8799108088373849') in 0.052913 seconds 
========================================================================
Received Prepare
Registering precompiled user dll's ...
Registered in 0.005582 seconds.
Begin MonoManager ReloadAssembly
Symbol file LoadedFromMemory doesn't match image C:\Users\Lord Dijon\Desktop\AppsFinalFolder\AppsFinal\Project 3\Library\PackageCache\com.unity.visualscripting@1.7.8\Editor\VisualScripting.Core\Dependencies\YamlDotNet\Unity.VisualScripting.YamlDotNet.dll
Symbol file LoadedFromMemory doesn't match image C:\Users\Lord Dijon\Desktop\AppsFinalFolder\AppsFinal\Project 3\Library\PackageCache\com.unity.visualscripting@1.7.8\Editor\VisualScripting.Core\Dependencies\DotNetZip\Unity.VisualScripting.IonicZip.dll
Native extension for WindowsStandalone target not found
Refreshing native plugins compatible for Editor in 0.76 ms, found 3 plugins.
Preloading 0 native plugins for Editor in 0.00 ms.
System.Exception: Error! Visual Scripting: couldn't find visual scripting package
  at Unity.VisualScripting.PackageVersionUtility.get_version () [0x00043] in C:\Users\Lord Dijon\Desktop\AppsFinalFolder\AppsFinal\Project 3\Library\PackageCache\com.unity.visualscripting@1.7.8\Editor\VisualScripting.Core\Utilities\PackageVersionUtility.cs:31 
  at Unity.VisualScripting.BoltCoreManifest.get_version () [0x00000] in C:\Users\Lord Dijon\Desktop\AppsFinalFolder\AppsFinal\Project 3\Library\PackageCache\com.unity.visualscripting@1.7.8\Editor\VisualScripting.Core\Plugin\BoltCoreManifest.cs:11 
  at Unity.VisualScripting.PluginManifest.get_currentVersion () [0x00000] in C:\Users\Lord Dijon\Desktop\AppsFinalFolder\AppsFinal\Project 3\Library\PackageCache\com.unity.visualscripting@1.7.8\Editor\VisualScripting.Core\Plugins\PluginManifest.cs:33 
  at Unity.VisualScripting.PluginManifest.get_versionMismatch () [0x00000] in C:\Users\Lord Dijon\Desktop\AppsFinalFolder\AppsFinal\Project 3\Library\PackageCache\com.unity.visualscripting@1.7.8\Editor\VisualScripting.Core\Plugins\PluginManifest.cs:48 
  at Unity.VisualScripting.PluginContainer.Initialize () [0x00525] in C:\Users\Lord Dijon\Desktop\AppsFinalFolder\AppsFinal\Project 3\Library\PackageCache\com.unity.visualscripting@1.7.8\Editor\VisualScripting.Core\Plugins\PluginContainer.cs:208 
  at Unity.VisualScripting.PluginContainer.InitializeOnLoad () [0x00009] in C:\Users\Lord Dijon\Desktop\AppsFinalFolder\AppsFinal\Project 3\Library\PackageCache\com.unity.visualscripting@1.7.8\Editor\VisualScripting.Core\Plugins\PluginContainer.cs:32 
  at Unity.VisualScripting.VSUsageUtility.DoInitializeOnLoadCalls () [0x00034] in C:\Users\Lord Dijon\Desktop\AppsFinalFolder\AppsFinal\Project 3\Library\PackageCache\com.unity.visualscripting@1.7.8\Editor\VisualScripting.Core\Utilities\VSUsageUtility.cs:76 
  at Unity.VisualScripting.VSUsageUtility.set_isVisualScriptingUsed (System.Boolean value) [0x0002c] in C:\Users\Lord Dijon\Desktop\AppsFinalFolder\AppsFinal\Project 3\Library\PackageCache\com.unity.visualscripting@1.7.8\Editor\VisualScripting.Core\Utilities\VSUsageUtility.cs:114 
  at Unity.VisualScripting.VSUsageUtility.CheckAndSetIsVisualScriptingUsed () [0x0000d] in C:\Users\Lord Dijon\Desktop\AppsFinalFolder\AppsFinal\Project 3\Library\PackageCache\com.unity.visualscripting@1.7.8\Editor\VisualScripting.Core\Utilities\VSUsageUtility.cs:33 
  at Unity.VisualScripting.VSUsageUtility..cctor () [0x00000] in C:\Users\Lord Dijon\Desktop\AppsFinalFolder\AppsFinal\Project 3\Library\PackageCache\com.unity.visualscripting@1.7.8\Editor\VisualScripting.Core\Utilities\VSUsageUtility.cs:22 
UnityEngine.StackTraceUtility:ExtractStackTrace ()
UnityEngine.DebugLogHandler:LogFormat (UnityEngine.LogType,UnityEngine.Object,string,object[])
UnityEngine.Logger:Log (UnityEngine.LogType,object)
UnityEngine.Debug:LogError (object)
UnityEditor.EditorAssemblies:ProcessInitializeOnLoadAttributes (System.Type[])

Mono: successfully reloaded assembly
- Completed reload, in  1.467 seconds
Domain Reload Profiling:
	ReloadAssembly (1468ms)
		BeginReloadAssembly (332ms)
			ExecutionOrderSort (0ms)
			DisableScriptedObjects (17ms)
			BackupInstance (0ms)
			ReleaseScriptingObjects (0ms)
			CreateAndSetChildDomain (114ms)
		EndReloadAssembly (1049ms)
			LoadAssemblies (88ms)
			RebuildTransferFunctionScriptingTraits (0ms)
			SetupTypeCache (262ms)
				TypeCache.Initialize (258ms)
					TypeCache.ScanAssembly (250ms)
				ResolveRequiredComponents (4ms)
			ReleaseScriptCaches (1ms)
			RebuildScriptCaches (52ms)
			SetupLoadedEditorAssemblies (422ms)
				LogAssemblyErrors (0ms)
				InitializePlatformSupportModulesInManaged (15ms)
				SetLoadedEditorAssemblies (3ms)
				RefreshPlugins (1ms)
				BeforeProcessingInitializeOnLoad (65ms)
				ProcessInitializeOnLoadAttributes (317ms)
				ProcessInitializeOnLoadMethodAttributes (18ms)
				AfterProcessingInitializeOnLoad (3ms)
				EditorAssembliesLoaded (0ms)
			ExecutionOrderSort2 (0ms)
			AwakeInstancesAfterBackupRestoration (5ms)
Platform modules already initialized, skipping
Refreshing native plugins compatible for Editor in 1.81 ms, found 3 plugins.
Preloading 0 native plugins for Editor in 0.00 ms.
Unloading 3376 Unused Serialized files (Serialized files now loaded: 0)
Unloading 21 unused Assets / (411.4 KB). Loaded Objects now: 3901.
Memory consumption went from 0.53 GB to 0.53 GB.
Total: 11.196100 ms (FindLiveObjects: 0.240300 ms CreateObjectMapping: 0.087100 ms MarkObjects: 10.605300 ms  DeleteObjects: 0.261300 ms)

AssetImportParameters requested are different than current active one (requested -> active):
  custom:video-decoder-ogg-theora: a1e56fd34408186e4bbccfd4996cb3dc -> 
  custom:container-muxer-webm: aa71ff27fc2769a1b78a27578f13a17b -> 
  custom:container-demuxer-webm: 4f35f7cbe854078d1ac9338744f61a02 -> 
  custom:video-encoder-webm-vp8: eb34c28f22e8b96e1ab97ce403110664 -> 
  custom:audio-encoder-webm-vorbis: bf7c407c2cedff20999df2af8eb42d56 -> 
  custom:framework-win-MediaFoundation: 216162199b28c13a410421893ffa2e32 -> 
  custom:container-demuxer-ogg: 62fdf1f143b41e24485cea50d1cbac27 -> 
  custom:video-decoder-webm-vp8: 9c59270c3fd7afecdb556c50c9e8de78 -> 
  custom:audio-decoder-ogg-vorbis: bf7c407c2cedff20999df2af8eb42d56 -> 
========================================================================
Received Import Request.
  Time since last request: 44054.026357 seconds.
  path: Assets/_XMLSaveScripts/SaveFunction.cs
  artifactKey: Guid(25eb0c9e1ea1092479c794477f49e5ae) Importer(815301076,1909f56bfc062723c751e8b465ee728b)
Start importing Assets/_XMLSaveScripts/SaveFunction.cs using Guid(25eb0c9e1ea1092479c794477f49e5ae) Importer(815301076,1909f56bfc062723c751e8b465ee728b)  -> (artifact id: 'dc0b4dc05dd5d2b9dac827462bf69e15') in 0.019500 seconds 
